********************************************************************************
DUPLICATOR-LITE PACKAGE-LOG: January 7, 2021 9:32 am
NOTICE: Do NOT post to public sites or forums 
********************************************************************************
VERSION:	1.3.38
WORDPRESS:	5.5.1
PHP INFO:	7.4.11 | SAPI: apache2handler
SERVER:		Apache/2.4.46 (Win64) OpenSSL/1.1.1g PHP/7.4.11 
PHP TIME LIMIT: (0) no time limit imposed 
PHP MAX MEMORY: 4294967296 (512M default) 
MEMORY STACK: 12MB

********************************************************************************
DATABASE:
********************************************************************************
BUILD MODE:   MYSQLDUMP
MYSQLTIMEOUT: 5000
MYSQLDUMP:    Is Supported
SQL CREATED: 20201108_welcome_9f84f9750cac28005585_20210107093132_database.sql
SQL FILE SIZE: 5.43MB (5693273)
SQL FILE TIME: 2021-01-07 09:32:22
SQL RUNTIME: 21.65 sec.

********************************************************************************
ARCHIVE (ZIP):
********************************************************************************
ARCHIVE DIR:  E:/xamppp/htdocs/wordpress
ARCHIVE FILE: 20201108_welcome_9f84f9750cac28005585_20210107093132_archive.zip
FILTERS: *OFF*
DIRS:
	not set
FILES:
	not set
EXTS:  not set
----------------------------------------
COMPRESSING
SIZE:	214.06MB
STATS:	Dirs 1,515 | Files 8,362
SQL ADDED: 20201108_welcome_9f84f9750cac28005585_20210107093132_database.sql
ZipArchive Object
(
    [status] => 0
    [statusSys] => 0
    [numFiles] => 9877
    [filename] => E:\xamppp\htdocs\wordpress\wp-content\backups-dup-lite\tmp\20201108_welcome_9f84f9750cac28005585_20210107093132_archive.zip
    [comment] => 
)

FILE ADDED TO ZIP: 9876
COMPRESSION RESULT: '1'
COMPRESSED SIZE: 114.92MB
ARCHIVE RUNTIME: 125.89 sec.
MEMORY STACK: 16MB
building installer
add_extra_files1
add_extra_files2
add_extra_files3
add_extra_files4
Doing archive file check
add_extra_files5
add_extra_files6
add_extra_files8
Successfully opened zip E:/xamppp/htdocs/wordpress/wp-content/backups-dup-lite/tmp/20201108_welcome_9f84f9750cac28005585_20210107093132_archive.zip
Adding enhanced installer files to archive using ZipArchive
Installer files added to archive
Added to archive
After ziparchive close when adding installer

********************************************************************************
INTEGRITY CHECKS:
********************************************************************************
SQL FILE: 5.43MB
INSTALLER FILE: 61.31KB
ARCHIVE FILE: 116.45MB 
EXPECTED FILE/DIRECTORY COUNT: 9,877
ACTUAL FILE/DIRECTORY COUNT: 9,876
ARCHIVE CONSISTENCY TEST: Pass

********************************************************************************
RECORD ID:[2]
TOTAL PROCESS RUNTIME: 149.61 sec.
PEAK PHP MEMORY USED: 18MB
DONE PROCESSING => 20201108_welcome January 7, 2021 9:34 am

